{
  "RSpec": {
    "coverage": {
      "/Users/roystonHenson/Projects/revists/boris-bikes/spec/bike_spec.rb": [
        1,
        null,
        1,
        2,
        null,
        1,
        1,
        null,
        null
      ],
      "/Users/roystonHenson/Projects/revists/boris-bikes/lib/bike.rb": [
        1,
        null,
        1,
        null,
        null,
        null,
        null
      ],
      "/Users/roystonHenson/Projects/revists/boris-bikes/spec/docking_station_spec.rb": [
        1,
        null,
        1,
        7,
        4,
        null,
        1,
        1,
        null,
        1,
        null,
        1,
        1,
        1,
        null,
        null,
        1,
        1,
        1,
        1,
        null,
        1,
        1,
        1,
        null,
        null,
        1,
        1,
        1,
        null,
        1,
        1,
        1,
        null,
        null,
        1,
        1,
        2,
        null,
        null,
        1,
        1,
        21,
        2,
        null,
        null,
        null
      ],
      "/Users/roystonHenson/Projects/revists/boris-bikes/lib/docking_station.rb": [
        1,
        null,
        1,
        null,
        1,
        null,
        1,
        1,
        1,
        1,
        null,
        1,
        8,
        8,
        null,
        null,
        1,
        2,
        1,
        null,
        null,
        1,
        23,
        22,
        22,
        null,
        null,
        1,
        2,
        null,
        null,
        1,
        23,
        null,
        null
      ]
    },
    "timestamp": 1476880849
  }
}
